Using pre-set license
Built from '2020.3/staging' branch; Version is '2020.3.30f1 (1fb1bf06830e) revision 2077119'; Using compiler version '192528614'; Build Type 'Release'
OS: 'Windows 10  (10.0.19044) 64bit Professional' Language: 'en' Physical Memory: 32679 MB
BatchMode: 1, IsHumanControllingUs: 0, StartBugReporterOnCrash: 0, Is64bit: 1, IsPro: 0

COMMAND LINE ARGUMENTS:
C:\Program Files\Unity\Hub\Editor\2020.3.30f1\Editor\Unity.exe
-adb2
-batchMode
-noUpm
-name
AssetImportWorker0
-projectPath
D:/Uni/Interactive_PA/ProjectInteractive3D/Projektarbeit
-logFile
Logs/AssetImportWorker0.log
-srvPort
61728
Successfully changed project path to: D:/Uni/Interactive_PA/ProjectInteractive3D/Projektarbeit
D:/Uni/Interactive_PA/ProjectInteractive3D/Projektarbeit
Using Asset Import Pipeline V2.
Refreshing native plugins compatible for Editor in 115.11 ms, found 3 plugins.
Preloading 0 native plugins for Editor in 0.00 ms.
Initialize engine version: 2020.3.30f1 (1fb1bf06830e)
[Subsystems] Discovering subsystems at path C:/Program Files/Unity/Hub/Editor/2020.3.30f1/Editor/Data/Resources/UnitySubsystems
[Subsystems] Discovering subsystems at path D:/Uni/Interactive_PA/ProjectInteractive3D/Projektarbeit/Assets
GfxDevice: creating device client; threaded=0
Direct3D:
    Version:  Direct3D 11.0 [level 11.1]
    Renderer: NVIDIA GeForce RTX 3050 (ID=0x2507)
    Vendor:   
    VRAM:     8070 MB
    Driver:   30.0.15.1259
Initialize mono
Mono path[0] = 'C:/Program Files/Unity/Hub/Editor/2020.3.30f1/Editor/Data/Managed'
Mono path[1] = 'C:/Program Files/Unity/Hub/Editor/2020.3.30f1/Editor/Data/MonoBleedingEdge/lib/mono/unityjit'
Mono config path = 'C:/Program Files/Unity/Hub/Editor/2020.3.30f1/Editor/Data/MonoBleedingEdge/etc'
Using monoOptions --debugger-agent=transport=dt_socket,embedding=1,server=y,suspend=n,address=127.0.0.1:56572
Begin MonoManager ReloadAssembly
Registering precompiled unity dll's ...
Register platform support module: C:/Program Files/Unity/Hub/Editor/2020.3.30f1/Editor/Data/PlaybackEngines/WindowsStandaloneSupport/UnityEditor.WindowsStandalone.Extensions.dll
Registered in 0.003491 seconds.
Native extension for WindowsStandalone target not found
Refreshing native plugins compatible for Editor in 117.04 ms, found 3 plugins.
Preloading 0 native plugins for Editor in 0.00 ms.
Mono: successfully reloaded assembly
- Completed reload, in  0.798 seconds
Domain Reload Profiling:
	ReloadAssembly (798ms)
		BeginReloadAssembly (84ms)
			ExecutionOrderSort (0ms)
			DisableScriptedObjects (0ms)
			BackupInstance (0ms)
			ReleaseScriptingObjects (0ms)
			CreateAndSetChildDomain (1ms)
		EndReloadAssembly (612ms)
			LoadAssemblies (81ms)
			RebuildTransferFunctionScriptingTraits (0ms)
			SetupTypeCache (186ms)
			ReleaseScriptCaches (0ms)
			RebuildScriptCaches (30ms)
			SetupLoadedEditorAssemblies (276ms)
				LogAssemblyErrors (0ms)
				InitializePlatformSupportModulesInManaged (5ms)
				SetLoadedEditorAssemblies (0ms)
				RefreshPlugins (117ms)
				BeforeProcessingInitializeOnLoad (26ms)
				ProcessInitializeOnLoadAttributes (98ms)
				ProcessInitializeOnLoadMethodAttributes (30ms)
				AfterProcessingInitializeOnLoad (0ms)
				EditorAssembliesLoaded (0ms)
			ExecutionOrderSort2 (0ms)
			AwakeInstancesAfterBackupRestoration (0ms)
Platform modules already initialized, skipping
Registering precompiled user dll's ...
Registered in 0.003340 seconds.
Begin MonoManager ReloadAssembly
Symbol file data-000001817AF93010 doesn't match image D:\Uni\Interactive_PA\ProjectInteractive3D\Projektarbeit\Library\ScriptAssemblies\Unity.VisualEffectGraph.Editor.dll
Symbol file LoadedFromMemory is not a mono symbol file
Symbol file data-0000018176FA6680 doesn't match image D:\Uni\Interactive_PA\ProjectInteractive3D\Projektarbeit\Library\ScriptAssemblies\Unity.VSCode.Editor.dll
Symbol file LoadedFromMemory is not a mono symbol file
Symbol file data-000001817B15F670 doesn't match image D:\Uni\Interactive_PA\ProjectInteractive3D\Projektarbeit\Library\ScriptAssemblies\Unity.TextMeshPro.Editor.dll
Symbol file LoadedFromMemory is not a mono symbol file
Symbol file data-000001817B1379B0 doesn't match image D:\Uni\Interactive_PA\ProjectInteractive3D\Projektarbeit\Library\ScriptAssemblies\Unity.VisualStudio.Editor.dll
Symbol file LoadedFromMemory is not a mono symbol file
Symbol file data-000001817B986F40 doesn't match image D:\Uni\Interactive_PA\ProjectInteractive3D\Projektarbeit\Library\ScriptAssemblies\Unity.ProBuilder.AddOns.Editor.dll
Symbol file LoadedFromMemory is not a mono symbol file
Symbol file data-000001817C047100 doesn't match image D:\Uni\Interactive_PA\ProjectInteractive3D\Projektarbeit\Library\ScriptAssemblies\Autodesk.Fbx.Editor.dll
Symbol file LoadedFromMemory is not a mono symbol file
Symbol file data-000001817B061820 doesn't match image D:\Uni\Interactive_PA\ProjectInteractive3D\Projektarbeit\Library\ScriptAssemblies\Unity.VisualEffectGraph.Runtime.dll
Symbol file LoadedFromMemory is not a mono symbol file
Symbol file data-000001817AF22220 doesn't match image D:\Uni\Interactive_PA\ProjectInteractive3D\Projektarbeit\Library\ScriptAssemblies\UnityEngine.TestRunner.dll
Symbol file LoadedFromMemory is not a mono symbol file
Symbol file data-000001817AF6F620 doesn't match image D:\Uni\Interactive_PA\ProjectInteractive3D\Projektarbeit\Library\ScriptAssemblies\Unity.Formats.Fbx.Editor.dll
Symbol file LoadedFromMemory is not a mono symbol file
Symbol file data-000001817AF6F620 doesn't match image D:\Uni\Interactive_PA\ProjectInteractive3D\Projektarbeit\Library\ScriptAssemblies\Unity.Timeline.dll
Symbol file LoadedFromMemory is not a mono symbol file
Symbol file data-000001817A847070 doesn't match image D:\Uni\Interactive_PA\ProjectInteractive3D\Projektarbeit\Library\ScriptAssemblies\Unity.TextMeshPro.dll
Symbol file LoadedFromMemory is not a mono symbol file
Symbol file data-000001817AF6F620 doesn't match image D:\Uni\Interactive_PA\ProjectInteractive3D\Projektarbeit\Library\ScriptAssemblies\UnityEditor.TestRunner.dll
Symbol file LoadedFromMemory is not a mono symbol file
Symbol file data-000001817B061820 doesn't match image D:\Uni\Interactive_PA\ProjectInteractive3D\Projektarbeit\Library\ScriptAssemblies\Unity.Searcher.Editor.dll
Symbol file LoadedFromMemory is not a mono symbol file
Symbol file data-000001817ADC5010 doesn't match image D:\Uni\Interactive_PA\ProjectInteractive3D\Projektarbeit\Library\ScriptAssemblies\Unity.RenderPipelines.HighDefinition.Runtime.dll
Symbol file LoadedFromMemory is not a mono symbol file
Symbol file data-0000018176FCC590 doesn't match image D:\Uni\Interactive_PA\ProjectInteractive3D\Projektarbeit\Library\ScriptAssemblies\Unity.ShaderGraph.Utilities.dll
Symbol file LoadedFromMemory is not a mono symbol file
Symbol file data-000001817B98C1A0 doesn't match image D:\Uni\Interactive_PA\ProjectInteractive3D\Projektarbeit\Library\ScriptAssemblies\Unity.ProBuilder.Csg.dll
Symbol file LoadedFromMemory is not a mono symbol file
Symbol file data-000001817B90C830 doesn't match image D:\Uni\Interactive_PA\ProjectInteractive3D\Projektarbeit\Library\ScriptAssemblies\Unity.RenderPipelines.Core.Runtime.dll
Symbol file LoadedFromMemory is not a mono symbol file
Symbol file data-0000018176DB6CB0 doesn't match image D:\Uni\Interactive_PA\ProjectInteractive3D\Projektarbeit\Library\ScriptAssemblies\Unity.ProBuilder.dll
Symbol file LoadedFromMemory is not a mono symbol file
Symbol file data-00000181767C0010 doesn't match image D:\Uni\Interactive_PA\ProjectInteractive3D\Projektarbeit\Library\ScriptAssemblies\Unity.RenderPipelines.HighDefinition.Editor.dll
Symbol file LoadedFromMemory is not a mono symbol file
Symbol file data-0000018176DB6CB0 doesn't match image D:\Uni\Interactive_PA\ProjectInteractive3D\Projektarbeit\Library\ScriptAssemblies\Unity.ProBuilder.Editor.dll
Symbol file LoadedFromMemory is not a mono symbol file
Symbol file data-000001817B1379B0 doesn't match image D:\Uni\Interactive_PA\ProjectInteractive3D\Projektarbeit\Library\ScriptAssemblies\UnityEditor.UI.dll
Symbol file LoadedFromMemory is not a mono symbol file
Symbol file data-000001817B3F1010 doesn't match image D:\Uni\Interactive_PA\ProjectInteractive3D\Projektarbeit\Library\ScriptAssemblies\Unity.InputSystem.dll
Symbol file LoadedFromMemory is not a mono symbol file
Symbol file data-000001817B2B4C30 doesn't match image D:\Uni\Interactive_PA\ProjectInteractive3D\Projektarbeit\Library\ScriptAssemblies\Unity.Rider.Editor.dll
Symbol file LoadedFromMemory is not a mono symbol file
Symbol file data-0000018176DAEBA0 doesn't match image D:\Uni\Interactive_PA\ProjectInteractive3D\Projektarbeit\Library\ScriptAssemblies\Unity.RenderPipelines.Core.ShaderLibrary.dll
Symbol file LoadedFromMemory is not a mono symbol file
Symbol file data-000001817B2B4C30 doesn't match image D:\Uni\Interactive_PA\ProjectInteractive3D\Projektarbeit\Library\ScriptAssemblies\Unity.ProGrids.Editor.dll
Symbol file LoadedFromMemory is not a mono symbol file
Symbol file data-000001817AA67020 doesn't match image D:\Uni\Interactive_PA\ProjectInteractive3D\Projektarbeit\Library\ScriptAssemblies\UnityEngine.UI.dll
Symbol file LoadedFromMemory is not a mono symbol file
Symbol file data-000001817AA67020 doesn't match image D:\Uni\Interactive_PA\ProjectInteractive3D\Projektarbeit\Library\ScriptAssemblies\Autodesk.Fbx.dll
Symbol file LoadedFromMemory is not a mono symbol file
Symbol file data-000001817AA67020 doesn't match image D:\Uni\Interactive_PA\ProjectInteractive3D\Projektarbeit\Library\ScriptAssemblies\Unity.PlasticSCM.Editor.dll
Symbol file LoadedFromMemory is not a mono symbol file
Symbol file data-000001817B061820 doesn't match image D:\Uni\Interactive_PA\ProjectInteractive3D\Projektarbeit\Library\ScriptAssemblies\Unity.ProBuilder.Poly2Tri.dll
Symbol file LoadedFromMemory is not a mono symbol file
Symbol file data-000001817B98C1A0 doesn't match image D:\Uni\Interactive_PA\ProjectInteractive3D\Projektarbeit\Library\ScriptAssemblies\Unity.ProBuilder.KdTree.dll
Symbol file LoadedFromMemory is not a mono symbol file
Symbol file data-000001817B9A4010 doesn't match image D:\Uni\Interactive_PA\ProjectInteractive3D\Projektarbeit\Library\ScriptAssemblies\Unity.ShaderGraph.Editor.dll
Symbol file LoadedFromMemory is not a mono symbol file
Symbol file data-000001817B1379B0 doesn't match image D:\Uni\Interactive_PA\ProjectInteractive3D\Projektarbeit\Library\ScriptAssemblies\Unity.Services.Core.Editor.dll
Symbol file LoadedFromMemory is not a mono symbol file
Symbol file data-000001817AA77030 doesn't match image D:\Uni\Interactive_PA\ProjectInteractive3D\Projektarbeit\Library\ScriptAssemblies\Cinemachine.dll
Symbol file LoadedFromMemory is not a mono symbol file
Symbol file data-000001817B3C3620 doesn't match image D:\Uni\Interactive_PA\ProjectInteractive3D\Projektarbeit\Library\ScriptAssemblies\com.unity.cinemachine.editor.dll
Symbol file LoadedFromMemory is not a mono symbol file
Symbol file data-000001817B061820 doesn't match image D:\Uni\Interactive_PA\ProjectInteractive3D\Projektarbeit\Library\ScriptAssemblies\Unity.ProBuilder.AssetIdRemapUtility.dll
Symbol file LoadedFromMemory is not a mono symbol file
Symbol file data-000001817AE7DC40 doesn't match image D:\Uni\Interactive_PA\ProjectInteractive3D\Projektarbeit\Library\ScriptAssemblies\Unity.ProBuilder.Stl.dll
Symbol file LoadedFromMemory is not a mono symbol file
Symbol file data-000001817BE557F0 doesn't match image D:\Uni\Interactive_PA\ProjectInteractive3D\Projektarbeit\Library\ScriptAssemblies\Unity.Formats.Fbx.Runtime.dll
Symbol file LoadedFromMemory is not a mono symbol file
Symbol file data-000001817B061820 doesn't match image D:\Uni\Interactive_PA\ProjectInteractive3D\Projektarbeit\Library\ScriptAssemblies\Unity.Settings.Editor.dll
Symbol file LoadedFromMemory is not a mono symbol file
Symbol file data-000001817AAC8010 doesn't match image D:\Uni\Interactive_PA\ProjectInteractive3D\Projektarbeit\Library\ScriptAssemblies\Unity.Timeline.Editor.dll
Symbol file LoadedFromMemory is not a mono symbol file
Symbol file data-0000018176DAEBA0 doesn't match image D:\Uni\Interactive_PA\ProjectInteractive3D\Projektarbeit\Library\ScriptAssemblies\Unity.RenderPipelines.ShaderGraph.ShaderGraphLibrary.dll
Symbol file LoadedFromMemory is not a mono symbol file
Symbol file data-000001817AE1C220 doesn't match image D:\Uni\Interactive_PA\ProjectInteractive3D\Projektarbeit\Library\ScriptAssemblies\Unity.CollabProxy.Editor.dll
Symbol file LoadedFromMemory is not a mono symbol file
Symbol file data-000001817A8C3CB0 doesn't match image D:\Uni\Interactive_PA\ProjectInteractive3D\Projektarbeit\Library\ScriptAssemblies\FbxBuildTestAssets.dll
Symbol file LoadedFromMemory is not a mono symbol file
Symbol file data-0000018176496B70 doesn't match image D:\Uni\Interactive_PA\ProjectInteractive3D\Projektarbeit\Library\ScriptAssemblies\Unity.RenderPipelines.HighDefinition.Config.Runtime.dll
Symbol file LoadedFromMemory is not a mono symbol file
Symbol file data-000001817A8C4130 doesn't match image D:\Uni\Interactive_PA\ProjectInteractive3D\Projektarbeit\Library\ScriptAssemblies\Unity.ProGrids.dll
Symbol file LoadedFromMemory is not a mono symbol file
Symbol file data-000001817AAC8010 doesn't match image D:\Uni\Interactive_PA\ProjectInteractive3D\Projektarbeit\Library\ScriptAssemblies\Unity.RenderPipelines.Core.Editor.dll
Symbol file LoadedFromMemory is not a mono symbol file
Native extension for WindowsStandalone target not found
Refreshing native plugins compatible for Editor in 114.50 ms, found 3 plugins.
Preloading 0 native plugins for Editor in 0.00 ms.
Mono: successfully reloaded assembly
- Completed reload, in  1.832 seconds
Domain Reload Profiling:
	ReloadAssembly (1833ms)
		BeginReloadAssembly (181ms)
			ExecutionOrderSort (0ms)
			DisableScriptedObjects (5ms)
			BackupInstance (0ms)
			ReleaseScriptingObjects (0ms)
			CreateAndSetChildDomain (22ms)
		EndReloadAssembly (1577ms)
			LoadAssemblies (122ms)
			RebuildTransferFunctionScriptingTraits (0ms)
			SetupTypeCache (442ms)
			ReleaseScriptCaches (1ms)
			RebuildScriptCaches (102ms)
			SetupLoadedEditorAssemblies (783ms)
				LogAssemblyErrors (0ms)
				InitializePlatformSupportModulesInManaged (4ms)
				SetLoadedEditorAssemblies (0ms)
				RefreshPlugins (115ms)
				BeforeProcessingInitializeOnLoad (125ms)
				ProcessInitializeOnLoadAttributes (380ms)
				ProcessInitializeOnLoadMethodAttributes (150ms)
				AfterProcessingInitializeOnLoad (9ms)
				EditorAssembliesLoaded (0ms)
			ExecutionOrderSort2 (0ms)
			AwakeInstancesAfterBackupRestoration (7ms)
Platform modules already initialized, skipping
========================================================================
Worker process is ready to serve import requests
Launched and connected shader compiler UnityShaderCompiler.exe after 0.06 seconds
Refreshing native plugins compatible for Editor in 1.00 ms, found 3 plugins.
Preloading 0 native plugins for Editor in 0.00 ms.
Unloading 4840 Unused Serialized files (Serialized files now loaded: 0)
System memory in use before: 239.5 MB.
System memory in use after: 239.7 MB.

Unloading 24 unused Assets to reduce memory usage. Loaded Objects now: 5315.
Total: 4.568400 ms (FindLiveObjects: 0.346300 ms CreateObjectMapping: 0.122300 ms MarkObjects: 3.975900 ms  DeleteObjects: 0.122700 ms)

AssetImportParameters requested are different than current active one (requested -> active):
  custom:framework-win-MediaFoundation: 216162199b28c13a410421893ffa2e32 -> 
  custom:video-decoder-ogg-theora: a1e56fd34408186e4bbccfd4996cb3dc -> 
  custom:container-muxer-webm: aa71ff27fc2769a1b78a27578f13a17b -> 
  custom:container-demuxer-webm: 4f35f7cbe854078d1ac9338744f61a02 -> 
  custom:container-demuxer-ogg: 62fdf1f143b41e24485cea50d1cbac27 -> 
  custom:video-encoder-webm-vp8: eb34c28f22e8b96e1ab97ce403110664 -> 
  custom:video-decoder-webm-vp8: 9c59270c3fd7afecdb556c50c9e8de78 -> 
  custom:audio-decoder-ogg-vorbis: bf7c407c2cedff20999df2af8eb42d56 -> 
  custom:audio-encoder-webm-vorbis: bf7c407c2cedff20999df2af8eb42d56 -> 
========================================================================
Received Import Request.
  path: Assets/House.fbx
  artifactKey: Guid(7122aa9947378894f9dc6ba5c69e58e3) Importer(815301076,1909f56bfc062723c751e8b465ee728b)
Start importing Assets/House.fbx using Guid(7122aa9947378894f9dc6ba5c69e58e3) Importer(815301076,1909f56bfc062723c751e8b465ee728b)  -> (artifact id: 'a2a4c88b71d96d0168b2bfcdad2c380f') in 11.908509 seconds 
========================================================================
Received Import Request.
  Time since last request: 0.000266 seconds.
  path: Assets/House.prefab
  artifactKey: Guid(d6e58826e49e1a549a3fb09d097e70c5) Importer(815301076,1909f56bfc062723c751e8b465ee728b)
Start importing Assets/House.prefab using Guid(d6e58826e49e1a549a3fb09d097e70c5) Importer(815301076,1909f56bfc062723c751e8b465ee728b)  -> (artifact id: '55ae48b1512aab97da247fd56d4a4270') in 0.212820 seconds 
========================================================================
Received Import Request.
  Time since last request: 49.971578 seconds.
  path: Assets/Materials/Ceiling.mat
  artifactKey: Guid(fafbd7ebdaf03aa42a87876f49d93cf6) Importer(815301076,1909f56bfc062723c751e8b465ee728b)
Start importing Assets/Materials/Ceiling.mat using Guid(fafbd7ebdaf03aa42a87876f49d93cf6) Importer(815301076,1909f56bfc062723c751e8b465ee728b)  -> (artifact id: '172d727d7526f88df1a73b3519ab36d6') in 0.108015 seconds 
========================================================================
Received Import Request.
  Time since last request: 0.000253 seconds.
  path: Assets/Materials/WoodenWall.mat
  artifactKey: Guid(fa654c54f74f5f84dbad9cd08267e724) Importer(815301076,1909f56bfc062723c751e8b465ee728b)
Start importing Assets/Materials/WoodenWall.mat using Guid(fa654c54f74f5f84dbad9cd08267e724) Importer(815301076,1909f56bfc062723c751e8b465ee728b) 